0 info it worked if it ends with ok
1 verbose cli [ '/usr/local/bin/node', '/usr/local/bin/npm', 'run', 'debug' ]
2 info using npm@3.7.3
3 info using node@v5.8.0
4 verbose run-script [ 'predebug', 'debug', 'postdebug' ]
5 info lifecycle jjlottery@0.0.1~predebug: jjlottery@0.0.1
6 silly lifecycle jjlottery@0.0.1~predebug: no script for predebug, continuing
7 info lifecycle jjlottery@0.0.1~debug: jjlottery@0.0.1
8 verbose lifecycle jjlottery@0.0.1~debug: unsafe-perm in lifecycle true
9 verbose lifecycle jjlottery@0.0.1~debug: PATH: /usr/local/lib/node_modules/npm/bin/node-gyp-bin:/Users/wugz/Desktop/react/demo/node_modules/.bin:/usr/local/bin:/Users/wugz/work/evn/sdk//tools:/Users/wugz/work/evn/sdk//platform-tools:/Users/wugz/work/evn/sdk/:/Users/wugz/work/evn/android-ndk-r10c/:/Applications/Cocos/tools/ant/bin:/Applications/Cocos/frameworks/cocos2d-x:/Users/wugz/work/cocos2d/js/cocos2d-js-v3.3/tools/cocos2d-console/bin:/usr/local/bin:/usr/bin:/bin:/usr/sbin:/sbin:/Users/wugz/souce/sdk/platform-tools/
10 verbose lifecycle jjlottery@0.0.1~debug: CWD: /Users/wugz/Desktop/react/demo
11 silly lifecycle jjlottery@0.0.1~debug: Args: [ '-c', 'gulp --dev true' ]
12 silly lifecycle jjlottery@0.0.1~debug: Returned: code: 1  signal: null
13 info lifecycle jjlottery@0.0.1~debug: Failed to exec debug script
14 verbose stack Error: jjlottery@0.0.1 debug: `gulp --dev true`
14 verbose stack Exit status 1
14 verbose stack     at EventEmitter.<anonymous> (/usr/local/lib/node_modules/npm/lib/utils/lifecycle.js:239:16)
14 verbose stack     at emitTwo (events.js:100:13)
14 verbose stack     at EventEmitter.emit (events.js:185:7)
14 verbose stack     at ChildProcess.<anonymous> (/usr/local/lib/node_modules/npm/lib/utils/spawn.js:24:14)
14 verbose stack     at emitTwo (events.js:100:13)
14 verbose stack     at ChildProcess.emit (events.js:185:7)
14 verbose stack     at maybeClose (internal/child_process.js:850:16)
14 verbose stack     at Process.ChildProcess._handle.onexit (internal/child_process.js:215:5)
15 verbose pkgid jjlottery@0.0.1
16 verbose cwd /Users/wugz/Desktop/react/demo
17 error Darwin 14.5.0
18 error argv "/usr/local/bin/node" "/usr/local/bin/npm" "run" "debug"
19 error node v5.8.0
20 error npm  v3.7.3
21 error code ELIFECYCLE
22 error jjlottery@0.0.1 debug: `gulp --dev true`
22 error Exit status 1
23 error Failed at the jjlottery@0.0.1 debug script 'gulp --dev true'.
23 error Make sure you have the latest version of node.js and npm installed.
23 error If you do, this is most likely a problem with the jjlottery package,
23 error not with npm itself.
23 error Tell the author that this fails on your system:
23 error     gulp --dev true
23 error You can get information on how to open an issue for this project with:
23 error     npm bugs jjlottery
23 error Or if that isn't available, you can get their info via:
23 error     npm owner ls jjlottery
23 error There is likely additional logging output above.
24 verbose exit [ 1, true ]
